#
# A fatal error has been detected by the Java Runtime Environment:
#
#  EXCEPTION_ACCESS_VIOLATION (0xc0000005) at pc=0x0000000180005b00, pid=644, tid=14528
#
# JRE version: Java(TM) SE Runtime Environment (13.0.1+9) (build 13.0.1+9)
# Java VM: Java HotSpot(TM) 64-Bit Server VM (13.0.1+9, mixed mode, sharing, tiered, compressed oops, g1 gc, windows-amd64)
# Problematic frame:
# C  [rxtxSerial.dll+0x5b00]
#
# No core dump will be written. Minidumps are not enabled by default on client versions of Windows
#
# If you would like to submit a bug report, please visit:
#   http://bugreport.java.com/bugreport/crash.jsp
# The crash happened outside the Java Virtual Machine in native code.
# See problematic frame for where to report the bug.
#

---------------  S U M M A R Y ------------

Command Line: -Dfile.encoding=UTF-8 -Djava.library.path=.\lib\rxtx-2.1-7\Windows\x64 com.kristou.samples.SerialSampleProgram

Host: Intel(R) Core(TM) i7-7700HQ CPU @ 2.80GHz, 8 cores, 11G,  Windows 10 , 64 bit Build 18362 (10.0.18362.329)
Time: Sun Nov 17 19:55:13 2019 Eastern Standard Time elapsed time: 5 seconds (0d 0h 0m 5s)

---------------  T H R E A D  ---------------

Current thread (0x000001d35490d800):  JavaThread "main" [_thread_in_native, id=14528, stack(0x0000006e09000000,0x0000006e09100000)]

Stack: [0x0000006e09000000,0x0000006e09100000],  sp=0x0000006e090ff0d0,  free space=1020k
Native frames: (J=compiled Java code, j=interpreted, Vv=VM code, C=native code)
C  [rxtxSerial.dll+0x5b00]

Java frames: (J=compiled Java code, j=interpreted, Vv=VM code)
j  gnu.io.RXTXPort.readArray([BII)I+0
j  gnu.io.RXTXPort$SerialInputStream.read([BII)I+212
j  gnu.io.RXTXPort$SerialInputStream.read([B)I+60
j  com.kristou.urgLibJ.Connection.SerialConnection.receive(II)Ljava/lang/String;+43
j  com.kristou.urgLibJ.Connection.ConnectionUtil.readline(II)Ljava/lang/String;+18
j  com.kristou.urgLibJ.RangeSensor.Capture.CaptureHandler.receiveAnswerForEcho(Ljava/lang/String;)Ljava/util/Vector;+38
j  com.kristou.urgLibJ.RangeSensor.Capture.CaptureHandler.sendQT()Z+12
j  com.kristou.urgLibJ.RangeSensor.UrgDevice.initSensor()Z+13
j  com.kristou.urgLibJ.RangeSensor.UrgDevice.connect(Ljava/lang/String;)Z+16
j  com.kristou.samples.SerialSampleProgram.main([Ljava/lang/String;)V+21
v  ~StubRoutines::call_stub

siginfo: EXCEPTION_ACCESS_VIOLATION (0xc0000005), reading address 0x000000000a1ff038


Register to memory mapping:

RIP=0x0000000180005b00 rxtxSerial.dll
RAX=0x0000000000000001 is an unknown value
RBX=0x0 is NULL
RCX=0x000000018001d4d5 rxtxSerial.dll
RDX=0xfffffffffffff665 is an unknown value
RSP=0x0000006e090ff0d0 is pointing into the stack for thread: 0x000001d35490d800
RBP=0x00000000ffffffff is an unknown value
RSI=0x0 is NULL
RDI=0x000001d35490db10 points into unknown readable memory: 50 e8 02 fd fc 7f 00 00
R8 =0x0000000000000002 is an unknown value
R9 =0xfffffffffffff63c is an unknown value
R10=0x00007ffcfc9f1d10 jvm.dll
R11=0x8101010101010100 is an unknown value
R12=0x000000000a1ff030 is an unknown value
R13=0x0000000000000008 is an unknown value
R14=0x0000006e090ff2b8 is pointing into the stack for thread: 0x000001d35490d800
R15=0x0 is NULL


Registers:
RAX=0x0000000000000001, RBX=0x0000000000000000, RCX=0x000000018001d4d5, RDX=0xfffffffffffff665
RSP=0x0000006e090ff0d0, RBP=0x00000000ffffffff, RSI=0x0000000000000000, RDI=0x000001d35490db10
R8 =0x0000000000000002, R9 =0xfffffffffffff63c, R10=0x00007ffcfc9f1d10, R11=0x8101010101010100
R12=0x000000000a1ff030, R13=0x0000000000000008, R14=0x0000006e090ff2b8, R15=0x0000000000000000
RIP=0x0000000180005b00, EFLAGS=0x0000000000010202

Top of Stack: (sp=0x0000006e090ff0d0)
0x0000006e090ff0d0:   0000000000000000 000000000a1ff030
0x0000006e090ff0e0:   0000000000000000 000001d35490db10
0x0000006e090ff0f0:   0000000000000000 0000006e090ff2b8
0x0000006e090ff100:   000001d37626e820 0000000000000001
0x0000006e090ff110:   000001d35490db10 0000000000000008
0x0000006e090ff120:   ffffffffffffffff 0000000180006211
0x0000006e090ff130:   000001d3767ec0c0 ffffffffffffffff
0x0000006e090ff140:   0000000000000001 000001d3767ec0c0
0x0000006e090ff150:   000001d300000008 00007ffcffffffff
0x0000006e090ff160:   0000006e090ff2c0 0000006e090ff2c0
0x0000006e090ff170:   000001d35490d800 0000006e090ff2c0
0x0000006e090ff180:   0000006e090ff288 00007ffcfc9aaf27
0x0000006e090ff190:   0000006e090ff1b0 000001d35490d800
0x0000006e090ff1a0:   000000000014ab34 00009f6f1a7c8092
0x0000006e090ff1b0:   000001d37626e828 000001d37626e820
0x0000006e090ff1c0:   000001d35490d800 0000006e090ff2c0 

Instructions: (pc=0x0000000180005b00)
0x0000000180005a00:   5d c3 cc cc cc cc cc cc cc cc cc cc cc cc cc cc
0x0000000180005a10:   48 89 5c 24 08 4c 89 4c 24 20 44 89 44 24 18 55
0x0000000180005a20:   56 57 41 54 41 55 41 56 41 57 48 83 ec 20 48 8b
0x0000000180005a30:   2a 48 8b 01 33 db 48 8b d5 48 8b f9 44 8b fb 8b
0x0000000180005a40:   f3 ff 90 f8 00 00 00 4c 8d 0d 9e 70 01 00 4c 8b
0x0000000180005a50:   e0 48 8b 07 4c 8d 05 b5 70 01 00 49 8b d4 48 8b
0x0000000180005a60:   cf ff 90 f0 02 00 00 48 8b cf 4c 8b c0 48 85 c0
0x0000000180005a70:   48 8b 07 75 28 ff 90 80 00 00 00 4c 8b 1f 48 8b
0x0000000180005a80:   cf 41 ff 93 88 00 00 00 4c 8b 1f 49 8b d4 48 8b
0x0000000180005a90:   cf 41 ff 93 b8 00 00 00 4c 8b e3 eb 54 48 8b d5
0x0000000180005aa0:   ff 90 20 03 00 00 49 8b d4 48 8b cf 48 63 e8 48
0x0000000180005ab0:   8b 07 ff 90 b8 00 00 00 48 8d 15 51 70 01 00 48
0x0000000180005ac0:   8d 0d 0e 7a 01 00 41 b8 02 00 00 00 e8 6f 62 00
0x0000000180005ad0:   00 85 c0 75 19 85 ed 75 15 e8 c2 5e 00 00 48 8d
0x0000000180005ae0:   15 23 7a 01 00 48 8d 48 60 e8 3a 5d 00 00 4c 8b
0x0000000180005af0:   e5 8b ac 24 88 00 00 00 44 8b ac 24 80 00 00 00
0x0000000180005b00:   45 8b 74 24 08 41 89 5c 24 08 41 8b fd 85 ed 78
0x0000000180005b10:   09 ff 15 e9 14 01 00 44 8b f8 45 85 ed 7e 4a 90
0x0000000180005b20:   8b c6 ff c6 83 f8 14 7d 40 85 ed 78 0d ff 15 cd
0x0000000180005b30:   14 01 00 41 2b c7 3b c5 7d 2f 8b 4c 24 70 48 63
0x0000000180005b40:   d3 44 8b c7 48 03 54 24 78 e8 a2 31 00 00 85 c0
0x0000000180005b50:   78 33 74 06 03 d8 2b f8 eb 0a b9 e8 03 00 00 e8
0x0000000180005b60:   1c 1c 00 00 41 3b dd 7c b7 8b c3 45 89 74 24 08
0x0000000180005b70:   48 8b 5c 24 60 48 83 c4 20 41 5f 41 5e 41 5d 41
0x0000000180005b80:   5c 5f 5e 5d c3 e8 1e 61 00 00 83 38 04 74 05 e8
0x0000000180005b90:   14 61 00 00 83 c8 ff eb d2 cc cc cc cc cc cc cc
0x0000000180005ba0:   40 53 55 56 57 41 54 41 55 48 81 ec b8 00 00 00
0x0000000180005bb0:   48 8b 05 71 85 01 00 48 33 c4 48 89 84 24 a0 00
0x0000000180005bc0:   00 00 48 8b 01 45 8b e9 41 8b f8 48 8b f2 48 8b
0x0000000180005bd0:   d9 ff 90 f8 00 00 00 4c 8b 13 4c 8d 0d 33 6f 01
0x0000000180005be0:   00 4c 8d 05 7c 6f 01 00 48 8b d0 48 8b cb 4c 8b
0x0000000180005bf0:   e0 41 ff 92 f0 02 00 00 33 ed 48 8b cb 4c 8b c0 


Stack slot to memory mapping:
stack at sp + 0 slots: 0x0 is NULL
stack at sp + 1 slots: 0x000000000a1ff030 is an unknown value
stack at sp + 2 slots: 0x0 is NULL
stack at sp + 3 slots: 0x000001d35490db10 points into unknown readable memory: 50 e8 02 fd fc 7f 00 00
stack at sp + 4 slots: 0x0 is NULL
stack at sp + 5 slots: 0x0000006e090ff2b8 is pointing into the stack for thread: 0x000001d35490d800
stack at sp + 6 slots: 0x000001d37626e820 is pointing into metadata
stack at sp + 7 slots: 0x0000000000000001 is an unknown value


---------------  P R O C E S S  ---------------

Threads class SMR info:
_java_thread_list=0x000001d376813520, length=11, elements={
0x000001d35490d800, 0x000001d376656800, 0x000001d376662000, 0x000001d376675800,
0x000001d376677000, 0x000001d376679000, 0x000001d37667e800, 0x000001d376688000,
0x000001d3767ab800, 0x000001d3767c7800, 0x000001d376811000
}

Java Threads: ( => current thread )
=>0x000001d35490d800 JavaThread "main" [_thread_in_native, id=14528, stack(0x0000006e09000000,0x0000006e09100000)]
  0x000001d376656800 JavaThread "Reference Handler" daemon [_thread_blocked, id=21672, stack(0x0000006e09700000,0x0000006e09800000)]
  0x000001d376662000 JavaThread "Finalizer" daemon [_thread_blocked, id=11032, stack(0x0000006e09800000,0x0000006e09900000)]
  0x000001d376675800 JavaThread "Signal Dispatcher" daemon [_thread_blocked, id=16288, stack(0x0000006e09900000,0x0000006e09a00000)]
  0x000001d376677000 JavaThread "Attach Listener" daemon [_thread_blocked, id=4448, stack(0x0000006e09a00000,0x0000006e09b00000)]
  0x000001d376679000 JavaThread "C2 CompilerThread0" daemon [_thread_blocked, id=6172, stack(0x0000006e09b00000,0x0000006e09c00000)]
  0x000001d37667e800 JavaThread "C1 CompilerThread0" daemon [_thread_blocked, id=24920, stack(0x0000006e09c00000,0x0000006e09d00000)]
  0x000001d376688000 JavaThread "Sweeper thread" daemon [_thread_blocked, id=20364, stack(0x0000006e09d00000,0x0000006e09e00000)]
  0x000001d3767ab800 JavaThread "Service Thread" daemon [_thread_blocked, id=13584, stack(0x0000006e09e00000,0x0000006e09f00000)]
  0x000001d3767c7800 JavaThread "Common-Cleaner" daemon [_thread_blocked, id=11004, stack(0x0000006e0a000000,0x0000006e0a100000)]
  0x000001d376811000 JavaThread "Thread-0" [_thread_in_native, id=25296, stack(0x0000006e0a100000,0x0000006e0a200000)]

Other Threads:
  0x000001d376655800 VMThread "VM Thread" [stack: 0x0000006e09600000,0x0000006e09700000] [id=25116]
  0x000001d3767ce000 WatcherThread [stack: 0x0000006e09f00000,0x0000006e0a000000] [id=22228]
  0x000001d354964000 GCTaskThread "GC Thread#0" [stack: 0x0000006e09100000,0x0000006e09200000] [id=16504]
  0x000001d35497d800 ConcurrentGCThread "G1 Main Marker" [stack: 0x0000006e09200000,0x0000006e09300000] [id=17264]
  0x000001d35497f000 ConcurrentGCThread "G1 Conc#0" [stack: 0x0000006e09300000,0x0000006e09400000] [id=7684]
  0x000001d375ccd800 ConcurrentGCThread "G1 Refine#0" [stack: 0x0000006e09400000,0x0000006e09500000] [id=19796]
  0x000001d375ccf000 ConcurrentGCThread "G1 Young RemSet Sampling" [stack: 0x0000006e09500000,0x0000006e09600000] [id=21452]

Threads with active compile tasks:

VM state:not at safepoint (normal execution)

VM Mutex/Monitor currently owned by a thread: None

Heap address: 0x0000000742400000, size: 3036 MB, Compressed Oops mode: Zero based, Oop shift amount: 3
Narrow klass base: 0x0000000800000000, Narrow klass shift: 3
Compressed class space size: 1073741824 Address: 0x0000000800b40000

Heap:
 garbage-first heap   total 194560K, used 1024K [0x0000000742400000, 0x0000000800000000)
  region size 1024K, 2 young (2048K), 0 survivors (0K)
 Metaspace       used 449K, capacity 4728K, committed 4864K, reserved 1056768K
  class space    used 29K, capacity 424K, committed 512K, reserved 1048576K
Heap Regions: E=young(eden), S=young(survivor), O=old, HS=humongous(starts), HC=humongous(continues), CS=collection set, F=free, A=archive, TAMS=top-at-mark-start (previous, next)
|   0|0x0000000742400000, 0x0000000742400000, 0x0000000742500000|  0%| F|  |TAMS 0x0000000742400000, 0x0000000742400000| Untracked 
|   1|0x0000000742500000, 0x0000000742500000, 0x0000000742600000|  0%| F|  |TAMS 0x0000000742500000, 0x0000000742500000| Untracked 
|   2|0x0000000742600000, 0x0000000742600000, 0x0000000742700000|  0%| F|  |TAMS 0x0000000742600000, 0x0000000742600000| Untracked 
|   3|0x0000000742700000, 0x0000000742700000, 0x0000000742800000|  0%| F|  |TAMS 0x0000000742700000, 0x0000000742700000| Untracked 
|   4|0x0000000742800000, 0x0000000742800000, 0x0000000742900000|  0%| F|  |TAMS 0x0000000742800000, 0x0000000742800000| Untracked 
|   5|0x0000000742900000, 0x0000000742900000, 0x0000000742a00000|  0%| F|  |TAMS 0x0000000742900000, 0x0000000742900000| Untracked 
|   6|0x0000000742a00000, 0x0000000742a00000, 0x0000000742b00000|  0%| F|  |TAMS 0x0000000742a00000, 0x0000000742a00000| Untracked 
|   7|0x0000000742b00000, 0x0000000742b00000, 0x0000000742c00000|  0%| F|  |TAMS 0x0000000742b00000, 0x0000000742b00000| Untracked 
|   8|0x0000000742c00000, 0x0000000742c00000, 0x0000000742d00000|  0%| F|  |TAMS 0x0000000742c00000, 0x0000000742c00000| Untracked 
|   9|0x0000000742d00000, 0x0000000742d00000, 0x0000000742e00000|  0%| F|  |TAMS 0x0000000742d00000, 0x0000000742d00000| Untracked 
|  10|0x0000000742e00000, 0x0000000742e00000, 0x0000000742f00000|  0%| F|  |TAMS 0x0000000742e00000, 0x0000000742e00000| Untracked 
|  11|0x0000000742f00000, 0x0000000742f00000, 0x0000000743000000|  0%| F|  |TAMS 0x0000000742f00000, 0x0000000742f00000| Untracked 
|  12|0x0000000743000000, 0x0000000743000000, 0x0000000743100000|  0%| F|  |TAMS 0x0000000743000000, 0x0000000743000000| Untracked 
|  13|0x0000000743100000, 0x0000000743100000, 0x0000000743200000|  0%| F|  |TAMS 0x0000000743100000, 0x0000000743100000| Untracked 
|  14|0x0000000743200000, 0x0000000743200000, 0x0000000743300000|  0%| F|  |TAMS 0x0000000743200000, 0x0000000743200000| Untracked 
|  15|0x0000000743300000, 0x0000000743300000, 0x0000000743400000|  0%| F|  |TAMS 0x0000000743300000, 0x0000000743300000| Untracked 
|  16|0x0000000743400000, 0x0000000743400000, 0x0000000743500000|  0%| F|  |TAMS 0x0000000743400000, 0x0000000743400000| Untracked 
|  17|0x0000000743500000, 0x0000000743500000, 0x0000000743600000|  0%| F|  |TAMS 0x0000000743500000, 0x0000000743500000| Untracked 
|  18|0x0000000743600000, 0x0000000743600000, 0x0000000743700000|  0%| F|  |TAMS 0x0000000743600000, 0x0000000743600000| Untracked 
|  19|0x0000000743700000, 0x0000000743700000, 0x0000000743800000|  0%| F|  |TAMS 0x0000000743700000, 0x0000000743700000| Untracked 
|  20|0x0000000743800000, 0x0000000743800000, 0x0000000743900000|  0%| F|  |TAMS 0x0000000743800000, 0x0000000743800000| Untracked 
|  21|0x0000000743900000, 0x0000000743900000, 0x0000000743a00000|  0%| F|  |TAMS 0x0000000743900000, 0x0000000743900000| Untracked 
|  22|0x0000000743a00000, 0x0000000743a00000, 0x0000000743b00000|  0%| F|  |TAMS 0x0000000743a00000, 0x0000000743a00000| Untracked 
|  23|0x0000000743b00000, 0x0000000743b00000, 0x0000000743c00000|  0%| F|  |TAMS 0x0000000743b00000, 0x0000000743b00000| Untracked 
|  24|0x0000000743c00000, 0x0000000743c00000, 0x0000000743d00000|  0%| F|  |TAMS 0x0000000743c00000, 0x0000000743c00000| Untracked 
|  25|0x0000000743d00000, 0x0000000743d00000, 0x0000000743e00000|  0%| F|  |TAMS 0x0000000743d00000, 0x0000000743d00000| Untracked 
|  26|0x0000000743e00000, 0x0000000743e00000, 0x0000000743f00000|  0%| F|  |TAMS 0x0000000743e00000, 0x0000000743e00000| Untracked 
|  27|0x0000000743f00000, 0x0000000743f00000, 0x0000000744000000|  0%| F|  |TAMS 0x0000000743f00000, 0x0000000743f00000| Untracked 
|  28|0x0000000744000000, 0x0000000744000000, 0x0000000744100000|  0%| F|  |TAMS 0x0000000744000000, 0x0000000744000000| Untracked 
|  29|0x0000000744100000, 0x0000000744100000, 0x0000000744200000|  0%| F|  |TAMS 0x0000000744100000, 0x0000000744100000| Untracked 
|  30|0x0000000744200000, 0x0000000744200000, 0x0000000744300000|  0%| F|  |TAMS 0x0000000744200000, 0x0000000744200000| Untracked 
|  31|0x0000000744300000, 0x0000000744300000, 0x0000000744400000|  0%| F|  |TAMS 0x0000000744300000, 0x0000000744300000| Untracked 
|  32|0x0000000744400000, 0x0000000744400000, 0x0000000744500000|  0%| F|  |TAMS 0x0000000744400000, 0x0000000744400000| Untracked 
|  33|0x0000000744500000, 0x0000000744500000, 0x0000000744600000|  0%| F|  |TAMS 0x0000000744500000, 0x0000000744500000| Untracked 
|  34|0x0000000744600000, 0x0000000744600000, 0x0000000744700000|  0%| F|  |TAMS 0x0000000744600000, 0x0000000744600000| Untracked 
|  35|0x0000000744700000, 0x0000000744700000, 0x0000000744800000|  0%| F|  |TAMS 0x0000000744700000, 0x0000000744700000| Untracked 
|  36|0x0000000744800000, 0x0000000744800000, 0x0000000744900000|  0%| F|  |TAMS 0x0000000744800000, 0x0000000744800000| Untracked 
|  37|0x0000000744900000, 0x0000000744900000, 0x0000000744a00000|  0%| F|  |TAMS 0x0000000744900000, 0x0000000744900000| Untracked 
|  38|0x0000000744a00000, 0x0000000744a00000, 0x0000000744b00000|  0%| F|  |TAMS 0x0000000744a00000, 0x0000000744a00000| Untracked 
|  39|0x0000000744b00000, 0x0000000744b00000, 0x0000000744c00000|  0%| F|  |TAMS 0x0000000744b00000, 0x0000000744b00000| Untracked 
|  40|0x0000000744c00000, 0x0000000744c00000, 0x0000000744d00000|  0%| F|  |TAMS 0x0000000744c00000, 0x0000000744c00000| Untracked 
|  41|0x0000000744d00000, 0x0000000744d00000, 0x0000000744e00000|  0%| F|  |TAMS 0x0000000744d00000, 0x0000000744d00000| Untracked 
|  42|0x0000000744e00000, 0x0000000744e00000, 0x0000000744f00000|  0%| F|  |TAMS 0x0000000744e00000, 0x0000000744e00000| Untracked 
|  43|0x0000000744f00000, 0x0000000744f00000, 0x0000000745000000|  0%| F|  |TAMS 0x0000000744f00000, 0x0000000744f00000| Untracked 
|  44|0x0000000745000000, 0x0000000745000000, 0x0000000745100000|  0%| F|  |TAMS 0x0000000745000000, 0x0000000745000000| Untracked 
|  45|0x0000000745100000, 0x0000000745100000, 0x0000000745200000|  0%| F|  |TAMS 0x0000000745100000, 0x0000000745100000| Untracked 
|  46|0x0000000745200000, 0x0000000745200000, 0x0000000745300000|  0%| F|  |TAMS 0x0000000745200000, 0x0000000745200000| Untracked 
|  47|0x0000000745300000, 0x0000000745300000, 0x0000000745400000|  0%| F|  |TAMS 0x0000000745300000, 0x0000000745300000| Untracked 
|  48|0x0000000745400000, 0x0000000745400000, 0x0000000745500000|  0%| F|  |TAMS 0x0000000745400000, 0x0000000745400000| Untracked 
|  49|0x0000000745500000, 0x0000000745500000, 0x0000000745600000|  0%| F|  |TAMS 0x0000000745500000, 0x0000000745500000| Untracked 
|  50|0x0000000745600000, 0x0000000745600000, 0x0000000745700000|  0%| F|  |TAMS 0x0000000745600000, 0x0000000745600000| Untracked 
|  51|0x0000000745700000, 0x0000000745700000, 0x0000000745800000|  0%| F|  |TAMS 0x0000000745700000, 0x0000000745700000| Untracked 
|  52|0x0000000745800000, 0x0000000745800000, 0x0000000745900000|  0%| F|  |TAMS 0x0000000745800000, 0x0000000745800000| Untracked 
|  53|0x0000000745900000, 0x0000000745900000, 0x0000000745a00000|  0%| F|  |TAMS 0x0000000745900000, 0x0000000745900000| Untracked 
|  54|0x0000000745a00000, 0x0000000745a00000, 0x0000000745b00000|  0%| F|  |TAMS 0x0000000745a00000, 0x0000000745a00000| Untracked 
|  55|0x0000000745b00000, 0x0000000745b00000, 0x0000000745c00000|  0%| F|  |TAMS 0x0000000745b00000, 0x0000000745b00000| Untracked 
|  56|0x0000000745c00000, 0x0000000745c00000, 0x0000000745d00000|  0%| F|  |TAMS 0x0000000745c00000, 0x0000000745c00000| Untracked 
|  57|0x0000000745d00000, 0x0000000745d00000, 0x0000000745e00000|  0%| F|  |TAMS 0x0000000745d00000, 0x0000000745d00000| Untracked 
|  58|0x0000000745e00000, 0x0000000745e00000, 0x0000000745f00000|  0%| F|  |TAMS 0x0000000745e00000, 0x0000000745e00000| Untracked 
|  59|0x0000000745f00000, 0x0000000745f00000, 0x0000000746000000|  0%| F|  |TAMS 0x0000000745f00000, 0x0000000745f00000| Untracked 
|  60|0x0000000746000000, 0x0000000746000000, 0x0000000746100000|  0%| F|  |TAMS 0x0000000746000000, 0x0000000746000000| Untracked 
|  61|0x0000000746100000, 0x0000000746100000, 0x0000000746200000|  0%| F|  |TAMS 0x0000000746100000, 0x0000000746100000| Untracked 
|  62|0x0000000746200000, 0x0000000746200000, 0x0000000746300000|  0%| F|  |TAMS 0x0000000746200000, 0x0000000746200000| Untracked 
|  63|0x0000000746300000, 0x0000000746300000, 0x0000000746400000|  0%| F|  |TAMS 0x0000000746300000, 0x0000000746300000| Untracked 
|  64|0x0000000746400000, 0x0000000746400000, 0x0000000746500000|  0%| F|  |TAMS 0x0000000746400000, 0x0000000746400000| Untracked 
|  65|0x0000000746500000, 0x0000000746500000, 0x0000000746600000|  0%| F|  |TAMS 0x0000000746500000, 0x0000000746500000| Untracked 
|  66|0x0000000746600000, 0x0000000746600000, 0x0000000746700000|  0%| F|  |TAMS 0x0000000746600000, 0x0000000746600000| Untracked 
|  67|0x0000000746700000, 0x0000000746700000, 0x0000000746800000|  0%| F|  |TAMS 0x0000000746700000, 0x0000000746700000| Untracked 
|  68|0x0000000746800000, 0x0000000746800000, 0x0000000746900000|  0%| F|  |TAMS 0x0000000746800000, 0x0000000746800000| Untracked 
|  69|0x0000000746900000, 0x0000000746900000, 0x0000000746a00000|  0%| F|  |TAMS 0x0000000746900000, 0x0000000746900000| Untracked 
|  70|0x0000000746a00000, 0x0000000746a00000, 0x0000000746b00000|  0%| F|  |TAMS 0x0000000746a00000, 0x0000000746a00000| Untracked 
|  71|0x0000000746b00000, 0x0000000746b00000, 0x0000000746c00000|  0%| F|  |TAMS 0x0000000746b00000, 0x0000000746b00000| Untracked 
|  72|0x0000000746c00000, 0x0000000746c00000, 0x0000000746d00000|  0%| F|  |TAMS 0x0000000746c00000, 0x0000000746c00000| Untracked 
|  73|0x0000000746d00000, 0x0000000746d00000, 0x0000000746e00000|  0%| F|  |TAMS 0x0000000746d00000, 0x0000000746d00000| Untracked 
|  74|0x0000000746e00000, 0x0000000746e00000, 0x0000000746f00000|  0%| F|  |TAMS 0x0000000746e00000, 0x0000000746e00000| Untracked 
|  75|0x0000000746f00000, 0x0000000746f00000, 0x0000000747000000|  0%| F|  |TAMS 0x0000000746f00000, 0x0000000746f00000| Untracked 
|  76|0x0000000747000000, 0x0000000747000000, 0x0000000747100000|  0%| F|  |TAMS 0x0000000747000000, 0x0000000747000000| Untracked 
|  77|0x0000000747100000, 0x0000000747100000, 0x0000000747200000|  0%| F|  |TAMS 0x0000000747100000, 0x0000000747100000| Untracked 
|  78|0x0000000747200000, 0x0000000747200000, 0x0000000747300000|  0%| F|  |TAMS 0x0000000747200000, 0x0000000747200000| Untracked 
|  79|0x0000000747300000, 0x0000000747300000, 0x0000000747400000|  0%| F|  |TAMS 0x0000000747300000, 0x0000000747300000| Untracked 
|  80|0x0000000747400000, 0x0000000747400000, 0x0000000747500000|  0%| F|  |TAMS 0x0000000747400000, 0x0000000747400000| Untracked 
|  81|0x0000000747500000, 0x0000000747500000, 0x0000000747600000|  0%| F|  |TAMS 0x0000000747500000, 0x0000000747500000| Untracked 
|  82|0x0000000747600000, 0x0000000747600000, 0x0000000747700000|  0%| F|  |TAMS 0x0000000747600000, 0x0000000747600000| Untracked 
|  83|0x0000000747700000, 0x0000000747700000, 0x0000000747800000|  0%| F|  |TAMS 0x0000000747700000, 0x0000000747700000| Untracked 
|  84|0x0000000747800000, 0x0000000747800000, 0x0000000747900000|  0%| F|  |TAMS 0x0000000747800000, 0x0000000747800000| Untracked 
|  85|0x0000000747900000, 0x0000000747900000, 0x0000000747a00000|  0%| F|  |TAMS 0x0000000747900000, 0x0000000747900000| Untracked 
|  86|0x0000000747a00000, 0x0000000747a00000, 0x0000000747b00000|  0%| F|  |TAMS 0x0000000747a00000, 0x0000000747a00000| Untracked 
|  87|0x0000000747b00000, 0x0000000747b00000, 0x0000000747c00000|  0%| F|  |TAMS 0x0000000747b00000, 0x0000000747b00000| Untracked 
|  88|0x0000000747c00000, 0x0000000747c00000, 0x0000000747d00000|  0%| F|  |TAMS 0x0000000747c00000, 0x0000000747c00000| Untracked 
|  89|0x0000000747d00000, 0x0000000747d00000, 0x0000000747e00000|  0%| F|  |TAMS 0x0000000747d00000, 0x0000000747d00000| Untracked 
|  90|0x0000000747e00000, 0x0000000747e00000, 0x0000000747f00000|  0%| F|  |TAMS 0x0000000747e00000, 0x0000000747e00000| Untracked 
|  91|0x0000000747f00000, 0x0000000747f00000, 0x0000000748000000|  0%| F|  |TAMS 0x0000000747f00000, 0x0000000747f00000| Untracked 
|  92|0x0000000748000000, 0x0000000748000000, 0x0000000748100000|  0%| F|  |TAMS 0x0000000748000000, 0x0000000748000000| Untracked 
|  93|0x0000000748100000, 0x0000000748100000, 0x0000000748200000|  0%| F|  |TAMS 0x0000000748100000, 0x0000000748100000| Untracked 
|  94|0x0000000748200000, 0x0000000748200000, 0x0000000748300000|  0%| F|  |TAMS 0x0000000748200000, 0x0000000748200000| Untracked 
|  95|0x0000000748300000, 0x0000000748300000, 0x0000000748400000|  0%| F|  |TAMS 0x0000000748300000, 0x0000000748300000| Untracked 
|  96|0x0000000748400000, 0x0000000748400000, 0x0000000748500000|  0%| F|  |TAMS 0x0000000748400000, 0x0000000748400000| Untracked 
|  97|0x0000000748500000, 0x0000000748500000, 0x0000000748600000|  0%| F|  |TAMS 0x0000000748500000, 0x0000000748500000| Untracked 
|  98|0x0000000748600000, 0x0000000748600000, 0x0000000748700000|  0%| F|  |TAMS 0x0000000748600000, 0x0000000748600000| Untracked 
|  99|0x0000000748700000, 0x0000000748700000, 0x0000000748800000|  0%| F|  |TAMS 0x0000000748700000, 0x0000000748700000| Untracked 
| 100|0x0000000748800000, 0x0000000748800000, 0x0000000748900000|  0%| F|  |TAMS 0x0000000748800000, 0x0000000748800000| Untracked 
| 101|0x0000000748900000, 0x0000000748900000, 0x0000000748a00000|  0%| F|  |TAMS 0x0000000748900000, 0x0000000748900000| Untracked 
| 102|0x0000000748a00000, 0x0000000748a00000, 0x0000000748b00000|  0%| F|  |TAMS 0x0000000748a00000, 0x0000000748a00000| Untracked 
| 103|0x0000000748b00000, 0x0000000748b00000, 0x0000000748c00000|  0%| F|  |TAMS 0x0000000748b00000, 0x0000000748b00000| Untracked 
| 104|0x0000000748c00000, 0x0000000748c00000, 0x0000000748d00000|  0%| F|  |TAMS 0x0000000748c00000, 0x0000000748c00000| Untracked 
| 105|0x0000000748d00000, 0x0000000748d00000, 0x0000000748e00000|  0%| F|  |TAMS 0x0000000748d00000, 0x0000000748d00000| Untracked 
| 106|0x0000000748e00000, 0x0000000748e00000, 0x0000000748f00000|  0%| F|  |TAMS 0x0000000748e00000, 0x0000000748e00000| Untracked 
| 107|0x0000000748f00000, 0x0000000748f00000, 0x0000000749000000|  0%| F|  |TAMS 0x0000000748f00000, 0x0000000748f00000| Untracked 
| 108|0x0000000749000000, 0x0000000749000000, 0x0000000749100000|  0%| F|  |TAMS 0x0000000749000000, 0x0000000749000000| Untracked 
| 109|0x0000000749100000, 0x0000000749100000, 0x0000000749200000|  0%| F|  |TAMS 0x0000000749100000, 0x0000000749100000| Untracked 
| 110|0x0000000749200000, 0x0000000749200000, 0x0000000749300000|  0%| F|  |TAMS 0x0000000749200000, 0x0000000749200000| Untracked 
| 111|0x0000000749300000, 0x0000000749300000, 0x0000000749400000|  0%| F|  |TAMS 0x0000000749300000, 0x0000000749300000| Untracked 
| 112|0x0000000749400000, 0x0000000749400000, 0x0000000749500000|  0%| F|  |TAMS 0x0000000749400000, 0x0000000749400000| Untracked 
| 113|0x0000000749500000, 0x0000000749500000, 0x0000000749600000|  0%| F|  |TAMS 0x0000000749500000, 0x0000000749500000| Untracked 
| 114|0x0000000749600000, 0x0000000749600000, 0x0000000749700000|  0%| F|  |TAMS 0x0000000749600000, 0x0000000749600000| Untracked 
| 115|0x0000000749700000, 0x0000000749700000, 0x0000000749800000|  0%| F|  |TAMS 0x0000000749700000, 0x0000000749700000| Untracked 
| 116|0x0000000749800000, 0x0000000749800000, 0x0000000749900000|  0%| F|  |TAMS 0x0000000749800000, 0x0000000749800000| Untracked 
| 117|0x0000000749900000, 0x0000000749900000, 0x0000000749a00000|  0%| F|  |TAMS 0x0000000749900000, 0x0000000749900000| Untracked 
| 118|0x0000000749a00000, 0x0000000749a00000, 0x0000000749b00000|  0%| F|  |TAMS 0x0000000749a00000, 0x0000000749a00000| Untracked 
| 119|0x0000000749b00000, 0x0000000749b00000, 0x0000000749c00000|  0%| F|  |TAMS 0x0000000749b00000, 0x0000000749b00000| Untracked 
| 120|0x0000000749c00000, 0x0000000749c00000, 0x0000000749d00000|  0%| F|  |TAMS 0x0000000749c00000, 0x0000000749c00000| Untracked 
| 121|0x0000000749d00000, 0x0000000749d00000, 0x0000000749e00000|  0%| F|  |TAMS 0x0000000749d00000, 0x0000000749d00000| Untracked 
| 122|0x0000000749e00000, 0x0000000749e00000, 0x0000000749f00000|  0%| F|  |TAMS 0x0000000749e00000, 0x0000000749e00000| Untracked 
| 123|0x0000000749f00000, 0x0000000749f00000, 0x000000074a000000|  0%| F|  |TAMS 0x0000000749f00000, 0x0000000749f00000| Untracked 
| 124|0x000000074a000000, 0x000000074a000000, 0x000000074a100000|  0%| F|  |TAMS 0x000000074a000000, 0x000000074a000000| Untracked 
| 125|0x000000074a100000, 0x000000074a100000, 0x000000074a200000|  0%| F|  |TAMS 0x000000074a100000, 0x000000074a100000| Untracked 
| 126|0x000000074a200000, 0x000000074a200000, 0x000000074a300000|  0%| F|  |TAMS 0x000000074a200000, 0x000000074a200000| Untracked 
| 127|0x000000074a300000, 0x000000074a300000, 0x000000074a400000|  0%| F|  |TAMS 0x000000074a300000, 0x000000074a300000| Untracked 
| 128|0x000000074a400000, 0x000000074a400000, 0x000000074a500000|  0%| F|  |TAMS 0x000000074a400000, 0x000000074a400000| Untracked 
| 129|0x000000074a500000, 0x000000074a500000, 0x000000074a600000|  0%| F|  |TAMS 0x000000074a500000, 0x000000074a500000| Untracked 
| 130|0x000000074a600000, 0x000000074a600000, 0x000000074a700000|  0%| F|  |TAMS 0x000000074a600000, 0x000000074a600000| Untracked 
| 131|0x000000074a700000, 0x000000074a700000, 0x000000074a800000|  0%| F|  |TAMS 0x000000074a700000, 0x000000074a700000| Untracked 
| 132|0x000000074a800000, 0x000000074a800000, 0x000000074a900000|  0%| F|  |TAMS 0x000000074a800000, 0x000000074a800000| Untracked 
| 133|0x000000074a900000, 0x000000074a900000, 0x000000074aa00000|  0%| F|  |TAMS 0x000000074a900000, 0x000000074a900000| Untracked 
| 134|0x000000074aa00000, 0x000000074aa00000, 0x000000074ab00000|  0%| F|  |TAMS 0x000000074aa00000, 0x000000074aa00000| Untracked 
| 135|0x000000074ab00000, 0x000000074ab00000, 0x000000074ac00000|  0%| F|  |TAMS 0x000000074ab00000, 0x000000074ab00000| Untracked 
| 136|0x000000074ac00000, 0x000000074ac00000, 0x000000074ad00000|  0%| F|  |TAMS 0x000000074ac00000, 0x000000074ac00000| Untracked 
| 137|0x000000074ad00000, 0x000000074ad00000, 0x000000074ae00000|  0%| F|  |TAMS 0x000000074ad00000, 0x000000074ad00000| Untracked 
| 138|0x000000074ae00000, 0x000000074ae00000, 0x000000074af00000|  0%| F|  |TAMS 0x000000074ae00000, 0x000000074ae00000| Untracked 
| 139|0x000000074af00000, 0x000000074af00000, 0x000000074b000000|  0%| F|  |TAMS 0x000000074af00000, 0x000000074af00000| Untracked 
| 140|0x000000074b000000, 0x000000074b000000, 0x000000074b100000|  0%| F|  |TAMS 0x000000074b000000, 0x000000074b000000| Untracked 
| 141|0x000000074b100000, 0x000000074b100000, 0x000000074b200000|  0%| F|  |TAMS 0x000000074b100000, 0x000000074b100000| Untracked 
| 142|0x000000074b200000, 0x000000074b200000, 0x000000074b300000|  0%| F|  |TAMS 0x000000074b200000, 0x000000074b200000| Untracked 
| 143|0x000000074b300000, 0x000000074b300000, 0x000000074b400000|  0%| F|  |TAMS 0x000000074b300000, 0x000000074b300000| Untracked 
| 144|0x000000074b400000, 0x000000074b400000, 0x000000074b500000|  0%| F|  |TAMS 0x000000074b400000, 0x000000074b400000| Untracked 
| 145|0x000000074b500000, 0x000000074b500000, 0x000000074b600000|  0%| F|  |TAMS 0x000000074b500000, 0x000000074b500000| Untracked 
| 146|0x000000074b600000, 0x000000074b600000, 0x000000074b700000|  0%| F|  |TAMS 0x000000074b600000, 0x000000074b600000| Untracked 
| 147|0x000000074b700000, 0x000000074b700000, 0x000000074b800000|  0%| F|  |TAMS 0x000000074b700000, 0x000000074b700000| Untracked 
| 148|0x000000074b800000, 0x000000074b800000, 0x000000074b900000|  0%| F|  |TAMS 0x000000074b800000, 0x000000074b800000| Untracked 
| 149|0x000000074b900000, 0x000000074b900000, 0x000000074ba00000|  0%| F|  |TAMS 0x000000074b900000, 0x000000074b900000| Untracked 
| 150|0x000000074ba00000, 0x000000074ba00000, 0x000000074bb00000|  0%| F|  |TAMS 0x000000074ba00000, 0x000000074ba00000| Untracked 
| 151|0x000000074bb00000, 0x000000074bb00000, 0x000000074bc00000|  0%| F|  |TAMS 0x000000074bb00000, 0x000000074bb00000| Untracked 
| 152|0x000000074bc00000, 0x000000074bc00000, 0x000000074bd00000|  0%| F|  |TAMS 0x000000074bc00000, 0x000000074bc00000| Untracked 
| 153|0x000000074bd00000, 0x000000074bd00000, 0x000000074be00000|  0%| F|  |TAMS 0x000000074bd00000, 0x000000074bd00000| Untracked 
| 154|0x000000074be00000, 0x000000074be00000, 0x000000074bf00000|  0%| F|  |TAMS 0x000000074be00000, 0x000000074be00000| Untracked 
| 155|0x000000074bf00000, 0x000000074bf00000, 0x000000074c000000|  0%| F|  |TAMS 0x000000074bf00000, 0x000000074bf00000| Untracked 
| 156|0x000000074c000000, 0x000000074c000000, 0x000000074c100000|  0%| F|  |TAMS 0x000000074c000000, 0x000000074c000000| Untracked 
| 157|0x000000074c100000, 0x000000074c100000, 0x000000074c200000|  0%| F|  |TAMS 0x000000074c100000, 0x000000074c100000| Untracked 
| 158|0x000000074c200000, 0x000000074c200000, 0x000000074c300000|  0%| F|  |TAMS 0x000000074c200000, 0x000000074c200000| Untracked 
| 159|0x000000074c300000, 0x000000074c300000, 0x000000074c400000|  0%| F|  |TAMS 0x000000074c300000, 0x000000074c300000| Untracked 
| 160|0x000000074c400000, 0x000000074c400000, 0x000000074c500000|  0%| F|  |TAMS 0x000000074c400000, 0x000000074c400000| Untracked 
| 161|0x000000074c500000, 0x000000074c500000, 0x000000074c600000|  0%| F|  |TAMS 0x000000074c500000, 0x000000074c500000| Untracked 
| 162|0x000000074c600000, 0x000000074c600000, 0x000000074c700000|  0%| F|  |TAMS 0x000000074c600000, 0x000000074c600000| Untracked 
| 163|0x000000074c700000, 0x000000074c700000, 0x000000074c800000|  0%| F|  |TAMS 0x000000074c700000, 0x000000074c700000| Untracked 
| 164|0x000000074c800000, 0x000000074c800000, 0x000000074c900000|  0%| F|  |TAMS 0x000000074c800000, 0x000000074c800000| Untracked 
| 165|0x000000074c900000, 0x000000074c900000, 0x000000074ca00000|  0%| F|  |TAMS 0x000000074c900000, 0x000000074c900000| Untracked 
| 166|0x000000074ca00000, 0x000000074ca00000, 0x000000074cb00000|  0%| F|  |TAMS 0x000000074ca00000, 0x000000074ca00000| Untracked 
| 167|0x000000074cb00000, 0x000000074cb00000, 0x000000074cc00000|  0%| F|  |TAMS 0x000000074cb00000, 0x000000074cb00000| Untracked 
| 168|0x000000074cc00000, 0x000000074cc00000, 0x000000074cd00000|  0%| F|  |TAMS 0x000000074cc00000, 0x000000074cc00000| Untracked 
| 169|0x000000074cd00000, 0x000000074cd00000, 0x000000074ce00000|  0%| F|  |TAMS 0x000000074cd00000, 0x000000074cd00000| Untracked 
| 170|0x000000074ce00000, 0x000000074ce00000, 0x000000074cf00000|  0%| F|  |TAMS 0x000000074ce00000, 0x000000074ce00000| Untracked 
| 171|0x000000074cf00000, 0x000000074cf00000, 0x000000074d000000|  0%| F|  |TAMS 0x000000074cf00000, 0x000000074cf00000| Untracked 
| 172|0x000000074d000000, 0x000000074d000000, 0x000000074d100000|  0%| F|  |TAMS 0x000000074d000000, 0x000000074d000000| Untracked 
| 173|0x000000074d100000, 0x000000074d100000, 0x000000074d200000|  0%| F|  |TAMS 0x000000074d100000, 0x000000074d100000| Untracked 
| 174|0x000000074d200000, 0x000000074d200000, 0x000000074d300000|  0%| F|  |TAMS 0x000000074d200000, 0x000000074d200000| Untracked 
| 175|0x000000074d300000, 0x000000074d300000, 0x000000074d400000|  0%| F|  |TAMS 0x000000074d300000, 0x000000074d300000| Untracked 
| 176|0x000000074d400000, 0x000000074d400000, 0x000000074d500000|  0%| F|  |TAMS 0x000000074d400000, 0x000000074d400000| Untracked 
| 177|0x000000074d500000, 0x000000074d500000, 0x000000074d600000|  0%| F|  |TAMS 0x000000074d500000, 0x000000074d500000| Untracked 
| 178|0x000000074d600000, 0x000000074d600000, 0x000000074d700000|  0%| F|  |TAMS 0x000000074d600000, 0x000000074d600000| Untracked 
| 179|0x000000074d700000, 0x000000074d700000, 0x000000074d800000|  0%| F|  |TAMS 0x000000074d700000, 0x000000074d700000| Untracked 
| 180|0x000000074d800000, 0x000000074d800000, 0x000000074d900000|  0%| F|  |TAMS 0x000000074d800000, 0x000000074d800000| Untracked 
| 181|0x000000074d900000, 0x000000074d900000, 0x000000074da00000|  0%| F|  |TAMS 0x000000074d900000, 0x000000074d900000| Untracked 
| 182|0x000000074da00000, 0x000000074da00000, 0x000000074db00000|  0%| F|  |TAMS 0x000000074da00000, 0x000000074da00000| Untracked 
| 183|0x000000074db00000, 0x000000074db00000, 0x000000074dc00000|  0%| F|  |TAMS 0x000000074db00000, 0x000000074db00000| Untracked 
| 184|0x000000074dc00000, 0x000000074dc00000, 0x000000074dd00000|  0%| F|  |TAMS 0x000000074dc00000, 0x000000074dc00000| Untracked 
| 185|0x000000074dd00000, 0x000000074dd00000, 0x000000074de00000|  0%| F|  |TAMS 0x000000074dd00000, 0x000000074dd00000| Untracked 
| 186|0x000000074de00000, 0x000000074de00000, 0x000000074df00000|  0%| F|  |TAMS 0x000000074de00000, 0x000000074de00000| Untracked 
| 187|0x000000074df00000, 0x000000074df00000, 0x000000074e000000|  0%| F|  |TAMS 0x000000074df00000, 0x000000074df00000| Untracked 
| 188|0x000000074e000000, 0x000000074e100000, 0x000000074e100000|100%| E|  |TAMS 0x000000074e000000, 0x000000074e000000| Complete 
| 189|0x000000074e100000, 0x000000074e200000, 0x000000074e200000|100%| E|CS|TAMS 0x000000074e100000, 0x000000074e100000| Complete 

Card table byte_map: [0x000001d36c840000,0x000001d36ce30000] _byte_map_base: 0x000001d368e2e000

Marking Bits (Prev, Next): (CMBitMap*) 0x000001d354964c48, (CMBitMap*) 0x000001d354964c88
 Prev Bits: [0x000001d36d420000, 0x000001d370390000)
 Next Bits: [0x000001d370390000, 0x000001d373300000)

Polling page: 0x000001d3526a0000

Metaspace:

Usage:
  Non-class:      4.20 MB capacity,   420.07 KB ( 10%) used,     3.79 MB ( 90%) free+waste,   512 bytes ( <1%) overhead. 
      Class:    424.00 KB capacity,    29.37 KB (  7%) used,   394.26 KB ( 93%) free+waste,   384 bytes ( <1%) overhead. 
       Both:      4.62 MB capacity,   449.44 KB ( 10%) used,     4.18 MB ( 90%) free+waste,   896 bytes ( <1%) overhead. 

Virtual space:
  Non-class space:        8.00 MB reserved,       4.25 MB ( 53%) committed 
      Class space:        1.00 GB reserved,     512.00 KB ( <1%) committed 
             Both:        1.01 GB reserved,       4.75 MB ( <1%) committed 

Chunk freelists:
   Non-Class:  48.00 KB
       Class:  24.00 KB
        Both:  72.00 KB

MaxMetaspaceSize: 17179869184.00 GB
CompressedClassSpaceSize: 1.00 GB

CodeHeap 'non-profiled nmethods': size=120000Kb used=32Kb max_used=32Kb free=119967Kb
 bounds [0x000001d3648e0000, 0x000001d364b50000, 0x000001d36be10000]
CodeHeap 'profiled nmethods': size=120000Kb used=202Kb max_used=202Kb free=119798Kb
 bounds [0x000001d35d3b0000, 0x000001d35d620000, 0x000001d3648e0000]
CodeHeap 'non-nmethods': size=5760Kb used=1068Kb max_used=1080Kb free=4691Kb
 bounds [0x000001d35ce10000, 0x000001d35d080000, 0x000001d35d3b0000]
 total_blobs=748 nmethods=139 adapters=198
 compilation: enabled
              stopped_count=0, restarted_count=0
 full_count=0

Compilation events (20 events):
Event: 5.307 Thread 0x000001d37667e800  125  s    3       java.lang.StringBuffer::toString (59 bytes)
Event: 5.308 Thread 0x000001d37667e800 nmethod 125 0x000001d35d3dd110 code [0x000001d35d3dd320, 0x000001d35d3ddce0]
Event: 5.308 Thread 0x000001d37667e800  131       3       java.lang.String::toUpperCase (29 bytes)
Event: 5.308 Thread 0x000001d37667e800 nmethod 131 0x000001d35d3ddf10 code [0x000001d35d3de0e0, 0x000001d35d3de420]
Event: 5.308 Thread 0x000001d37667e800  127       3       java.lang.AbstractStringBuilder::append (55 bytes)
Event: 5.308 Thread 0x000001d37667e800 nmethod 127 0x000001d35d3de510 code [0x000001d35d3de700, 0x000001d35d3deac0]
Event: 5.308 Thread 0x000001d37667e800  126  s    3       java.lang.StringBuffer::append (13 bytes)
Event: 5.308 Thread 0x000001d37667e800 nmethod 126 0x000001d35d3dec10 code [0x000001d35d3dedc0, 0x000001d35d3df150]
Event: 5.310 Thread 0x000001d376679000  132       4       java.util.concurrent.ConcurrentHashMap::spread (10 bytes)
Event: 5.310 Thread 0x000001d37667e800  133       1       java.util.zip.Inflater$InflaterZStreamRef::address (5 bytes)
Event: 5.310 Thread 0x000001d37667e800 nmethod 133 0x000001d3648e6e10 code [0x000001d3648e6fa0, 0x000001d3648e70d8]
Event: 5.310 Thread 0x000001d376679000 nmethod 132 0x000001d3648e7190 code [0x000001d3648e7300, 0x000001d3648e7358]
Event: 5.310 Thread 0x000001d37667e800  134       3       java.util.concurrent.ConcurrentHashMap::get (162 bytes)
Event: 5.311 Thread 0x000001d37667e800 nmethod 134 0x000001d35d3df210 code [0x000001d35d3df460, 0x000001d35d3e0240]
Event: 5.327 Thread 0x000001d37667e800  135       3       java.lang.String::checkBoundsBeginEnd (63 bytes)
Event: 5.327 Thread 0x000001d37667e800 nmethod 135 0x000001d35d3e0610 code [0x000001d35d3e08c0, 0x000001d35d3e1480]
Event: 5.328 Thread 0x000001d37667e800  136  s    1       java.util.Vector::size (5 bytes)
Event: 5.329 Thread 0x000001d37667e800 nmethod 136 0x000001d3648e7490 code [0x000001d3648e7620, 0x000001d3648e78f8]
Event: 5.335 Thread 0x000001d37667e800  138  s!   3       gnu.io.RXTXPort$SerialInputStream::available (136 bytes)
Event: 5.335 Thread 0x000001d37667e800 nmethod 138 0x000001d35d3e1890 code [0x000001d35d3e1a80, 0x000001d35d3e2490]

GC Heap History (0 events):
No events

Deoptimization events (0 events):
No events

Classes unloaded (0 events):
No events

Classes redefined (0 events):
No events

Internal exceptions (2 events):
Event: 0.096 Thread 0x000001d35490d800 Exception <a 'java/io/FileNotFoundException'{0x000000074e060970}> (0x000000074e060970) 
thrown [t:/workspace/open/src/hotspot/share/prims/jni.cpp, line 598]
Event: 5.306 Thread 0x000001d35490d800 Exception <a 'java/io/FileNotFoundException'{0x000000074e0726b0}> (0x000000074e0726b0) 
thrown [t:/workspace/open/src/hotspot/share/prims/jni.cpp, line 598]

Events (20 events):
Event: 5.309 loading class gnu/io/RXTXPort$SerialInputStream done
Event: 5.309 loading class gnu/io/Zystem
Event: 5.309 loading class gnu/io/Zystem done
Event: 5.310 loading class gnu/io/UnSupportedLoggerException
Event: 5.310 loading class gnu/io/UnSupportedLoggerException done
Event: 5.310 loading class java/lang/NumberFormatException
Event: 5.311 loading class java/lang/NumberFormatException done
Event: 5.311 loading class java/lang/IndexOutOfBoundsException
Event: 5.311 loading class java/lang/IndexOutOfBoundsException done
Event: 5.316 loading class gnu/io/RXTXPort$MonitorThread
Event: 5.316 loading class gnu/io/RXTXPort$MonitorThread done
Event: 5.317 Thread 0x000001d376811000 Thread added: 0x000001d376811000
Event: 5.325 loading class com/kristou/urgLibJ/RangeSensor/Capture/CaptureHandler
Event: 5.325 loading class com/kristou/urgLibJ/RangeSensor/Capture/CaptureHandler done
Event: 5.326 loading class com/kristou/urgLibJ/Connection/ConnectionUtil
Event: 5.326 loading class com/kristou/urgLibJ/Connection/ConnectionUtil done
Event: 5.331 Loaded shared library C:\Program Files\Java\jdk-13.0.1\bin\java.dll
Event: 5.332 Loaded shared library C:\Program Files\Java\jdk-13.0.1\bin\java.dll
Event: 5.334 Loaded shared library C:\Program Files\Java\jdk-13.0.1\bin\java.dll
Event: 5.335 Loaded shared library C:\Program Files\Java\jdk-13.0.1\bin\java.dll


Dynamic libraries:
0x00007ff614970000 - 0x00007ff61497f000 	C:\Program Files\Java\jdk-13.0.1\bin\java.exe
0x00007ffd73fa0000 - 0x00007ffd74190000 	C:\WINDOWS\SYSTEM32\ntdll.dll
0x00007ffd72ba0000 - 0x00007ffd72c52000 	C:\WINDOWS\System32\KERNEL32.DLL
0x00007ffd71c70000 - 0x00007ffd71f13000 	C:\WINDOWS\System32\KERNELBASE.dll
0x00007ffd71340000 - 0x00007ffd7143a000 	C:\WINDOWS\System32\ucrtbase.dll
0x00007ffd69ff0000 - 0x00007ffd6a008000 	C:\Program Files\Java\jdk-13.0.1\bin\jli.dll
0x00007ffd733b0000 - 0x00007ffd73453000 	C:\WINDOWS\System32\ADVAPI32.dll
0x00007ffd73ec0000 - 0x00007ffd73f5e000 	C:\WINDOWS\System32\msvcrt.dll
0x00007ffd73730000 - 0x00007ffd737c7000 	C:\WINDOWS\System32\sechost.dll
0x00007ffd729f0000 - 0x00007ffd72b10000 	C:\WINDOWS\System32\RPCRT4.dll
0x00007ffd73460000 - 0x00007ffd735f4000 	C:\WINDOWS\System32\USER32.dll
0x00007ffd70f30000 - 0x00007ffd70f51000 	C:\WINDOWS\System32\win32u.dll
0x00007ffd72ee0000 - 0x00007ffd72f06000 	C:\WINDOWS\System32\GDI32.dll
0x00007ffd70f60000 - 0x00007ffd710f4000 	C:\WINDOWS\System32\gdi32full.dll
0x00007ffd71250000 - 0x00007ffd712ee000 	C:\WINDOWS\System32\msvcp_win.dll
0x00007ffd5cce0000 - 0x00007ffd5ccf5000 	C:\Program Files\Java\jdk-13.0.1\bin\VCRUNTIME140.dll
0x00007ffd64200000 - 0x00007ffd64485000 	C:\WINDOWS\WinSxS\amd64_microsoft.windows.common-controls_6595b64144ccf1df_6.0.18362.476_none_e6c4b11b130f2595\COMCTL32.dll
0x00007ffd72050000 - 0x00007ffd72386000 	C:\WINDOWS\System32\combase.dll
0x00007ffd71470000 - 0x00007ffd714f0000 	C:\WINDOWS\System32\bcryptPrimitives.dll
0x00007ffd6aaa0000 - 0x00007ffd6aaaa000 	C:\WINDOWS\SYSTEM32\VERSION.dll
0x00007ffd73380000 - 0x00007ffd733ae000 	C:\WINDOWS\System32\IMM32.DLL
0x00007ffd1f100000 - 0x00007ffd1f19b000 	C:\Program Files\Java\jdk-13.0.1\bin\msvcp140.dll
0x00007ffcfc630000 - 0x00007ffcfd196000 	C:\Program Files\Java\jdk-13.0.1\bin\server\jvm.dll
0x00007ffd726d0000 - 0x00007ffd726d8000 	C:\WINDOWS\System32\PSAPI.DLL
0x00007ffd6d4c0000 - 0x00007ffd6d4e4000 	C:\WINDOWS\SYSTEM32\WINMM.dll
0x00007ffd56ae0000 - 0x00007ffd56ae9000 	C:\WINDOWS\SYSTEM32\WSOCK32.dll
0x00007ffd72c60000 - 0x00007ffd72ccf000 	C:\WINDOWS\System32\WS2_32.dll
0x00007ffd6d490000 - 0x00007ffd6d4bd000 	C:\WINDOWS\SYSTEM32\WINMMBASE.dll
0x00007ffd712f0000 - 0x00007ffd7133a000 	C:\WINDOWS\System32\cfgmgr32.dll
0x00007ffd70e80000 - 0x00007ffd70e91000 	C:\WINDOWS\System32\kernel.appcore.dll
0x00007ffd6d6d0000 - 0x00007ffd6d6e0000 	C:\Program Files\Java\jdk-13.0.1\bin\verify.dll
0x00007ffd6f750000 - 0x00007ffd6f944000 	C:\WINDOWS\SYSTEM32\DBGHELP.DLL
0x00007ffd49970000 - 0x00007ffd4999a000 	C:\WINDOWS\SYSTEM32\dbgcore.DLL
0x00007ffd59010000 - 0x00007ffd59036000 	C:\Program Files\Java\jdk-13.0.1\bin\java.dll
0x00007ffd5ccc0000 - 0x00007ffd5ccd7000 	C:\Program Files\Java\jdk-13.0.1\bin\zip.dll
0x00007ffd6d6a0000 - 0x00007ffd6d6aa000 	C:\Program Files\Java\jdk-13.0.1\bin\jimage.dll
0x00007ffd737d0000 - 0x00007ffd73eb5000 	C:\WINDOWS\System32\SHELL32.dll
0x00007ffd72e30000 - 0x00007ffd72ed9000 	C:\WINDOWS\System32\shcore.dll
0x00007ffd714f0000 - 0x00007ffd71c6e000 	C:\WINDOWS\System32\windows.storage.dll
0x00007ffd70f10000 - 0x00007ffd70f2f000 	C:\WINDOWS\System32\profapi.dll
0x00007ffd70ec0000 - 0x00007ffd70f0a000 	C:\WINDOWS\System32\powrprof.dll
0x00007ffd70e70000 - 0x00007ffd70e80000 	C:\WINDOWS\System32\UMPDC.dll
0x00007ffd72cd0000 - 0x00007ffd72d22000 	C:\WINDOWS\System32\shlwapi.dll
0x00007ffd71f20000 - 0x00007ffd71f37000 	C:\WINDOWS\System32\cryptsp.dll
0x00007ffd58110000 - 0x00007ffd58129000 	C:\Program Files\Java\jdk-13.0.1\bin\net.dll
0x00007ffd638c0000 - 0x00007ffd639b0000 	C:\WINDOWS\SYSTEM32\WINHTTP.dll
0x00007ffd706e0000 - 0x00007ffd70747000 	C:\WINDOWS\system32\mswsock.dll
0x00007ffd56c40000 - 0x00007ffd56c53000 	C:\Program Files\Java\jdk-13.0.1\bin\nio.dll
0x0000000180000000 - 0x0000000180025000 	C:\Program Files\Java\jdk-13.0.1\bin\rxtxSerial.dll

dbghelp: loaded successfully - version: 4.0.5 - missing functions: none
symbol engine: initialized successfully - sym options: 0x614 - pdb path: .;C:\Program Files\Java\jdk-13.0.1\bin;C:\WINDOWS\SYSTEM32;C:\WINDOWS\WinSxS\amd64_microsoft.windows.common-controls_6595b64144ccf1df_6.0.18362.476_none_e6c4b11b130f2595;C:\Program Files\Java\jdk-13.0.1\bin\server

VM Arguments:
jvm_args: -Dfile.encoding=UTF-8 -Djava.library.path=.\lib\rxtx-2.1-7\Windows\x64 
java_command: com.kristou.samples.SerialSampleProgram
java_class_path (initial): C:\Users\babes\Desktop\Hokuyo_LiDAR\Code\urg_java_lib_1.0.0\urg_java_lib\lib\rxtx-2.1-7\Windows\x64\RXTXcomm.jar;C:\Users\babes\Desktop\Hokuyo_LiDAR\Code\urg_java_lib_1.0.0\urg_java_lib\build\classes
Launcher Type: SUN_STANDARD

[Global flags]
     intx CICompilerCount                          = 4                                         {product} {ergonomic}
     uint ConcGCThreads                            = 2                                         {product} {ergonomic}
     uint G1ConcRefinementThreads                  = 8                                         {product} {ergonomic}
   size_t G1HeapRegionSize                         = 1048576                                   {product} {ergonomic}
    uintx GCDrainStackTargetSize                   = 64                                        {product} {ergonomic}
   size_t InitialHeapSize                          = 199229440                                 {product} {ergonomic}
   size_t MarkStackSize                            = 4194304                                   {product} {ergonomic}
   size_t MaxHeapSize                              = 3183476736                                {product} {ergonomic}
   size_t MaxNewSize                               = 1909456896                                {product} {ergonomic}
   size_t MinHeapDeltaBytes                        = 1048576                                   {product} {ergonomic}
   size_t MinHeapSize                              = 8388608                                   {product} {ergonomic}
    uintx NonNMethodCodeHeapSize                   = 5836300                                {pd product} {ergonomic}
    uintx NonProfiledCodeHeapSize                  = 122910970                              {pd product} {ergonomic}
    uintx ProfiledCodeHeapSize                     = 122910970                              {pd product} {ergonomic}
    uintx ReservedCodeCacheSize                    = 251658240                              {pd product} {ergonomic}
     bool SegmentedCodeCache                       = true                                      {product} {ergonomic}
   size_t SoftMaxHeapSize                          = 3183476736                             {manageable} {ergonomic}
     bool UseCompressedClassPointers               = true                                 {lp64_product} {ergonomic}
     bool UseCompressedOops                        = true                                 {lp64_product} {ergonomic}
     bool UseG1GC                                  = true                                      {product} {ergonomic}
     bool UseLargePagesIndividualAllocation        = false                                  {pd product} {ergonomic}

Logging:
Log output configuration:
 #0: stdout all=warning uptime,level,tags
 #1: stderr all=off uptime,level,tags

Environment Variables:
PATH=C:\Program Files (x86)\NVIDIA Corporation\PhysX\Common;D:\IBM\ILOG\opl\bin\x64_win64;D:\IBM\ILOG\opl\oplide\;D:\IBM\ILOG\cplex\bin\x64_win64;D:\IBM\ILOG\cpoptimizer\bin\x64_win64;;C:\gurobi752\win64\bin;C:\gurobi752\win32\bin;C:\Program Files\Git\cmd;C:\Program Files\Git\mingw64\bin;C:\Program Files\Git\usr\bin;C:\Users\babes\Anaconda3\python.exe;C:\Program Files\Microsoft VS Code\bin;C:\Users\babes\Anaconda3\;C:\Users\babes\Anaconda3\Scripts\;C:\Users\babes\Anaconda3\Library\bin\;C:\Users\babes\Anaconda3\Library\;;C:\WINDOWS\system32;C:\WINDOWS;C:\WINDOWS\System32\Wbem;C:\WINDOWS\System32\WindowsPowerShell\v1.0\;C:\WINDOWS\System32\OpenSSH\;C:\gurobi752\win32\bin;C:\Users\babes\Anaconda3\python.exe;C:\ProgramData\babes\atom\bin;C:\Users\babes\AppData\Local\atom\bin;C:\Users\babes\Anaconda3\;C:\Users\babes\Anaconda3\Scripts\;C:\Users\babes\Anaconda3\Library\bin;C:\Users\babes\Anaconda3\Library;C:\Users\babes\AppData\Local\Microsoft\WindowsApps;C:\Users\babes\AppData\Local\GitHubDesktop\bin;C:\Program Files\UrgBenriPlus;C:\Program Files\Java\jdk-13.0.1\bin;
USERNAME=babes
LD_LIBRARY_PATH=C:\gurobi752\win32\lib
OS=Windows_NT
PROCESSOR_IDENTIFIER=Intel64 Family 6 Model 158 Stepping 9, GenuineIntel



---------------  S Y S T E M  ---------------

OS: Windows 10 , 64 bit Build 18362 (10.0.18362.329)

CPU:total 8 (initial active 8) (4 cores per cpu, 2 threads per core) family 6 model 158 stepping 9, cmov, cx8, fxsr, mmx, sse, sse2, sse3, ssse3, sse4.1, sse4.2, popcnt, avx, avx2, aes, clmul, erms, 3dnowpref, lzcnt, ht, tsc, tscinvbit, bmi1, bmi2, adx, fma

Memory: 4k page, system-wide physical 12139M (2641M free)
TotalPageFile size 19247M (AvailPageFile size 2791M)
current process WorkingSet (physical memory assigned to process): 28M, peak: 28M
current process commit charge ("private bytes"): 279M, peak: 279M

vm_info: Java HotSpot(TM) 64-Bit Server VM (13.0.1+9) for windows-amd64 JRE (13.0.1+9), built on Oct  6 2019 12:37:49 by "mach5one" with unknown MS VC++:1916

END.
